<?xml version="1.0" encoding="UTF-8"?>
<testng-results skipped="0" failed="0" ignored="0" total="1" passed="1">
  <reporter-output>
  </reporter-output>
  <suite name="test.RegisterTest" duration-ms="79791" started-at="2018-09-29T08:50:56Z" finished-at="2018-09-29T08:52:16Z">
    <groups>
    </groups>
    <test name="Command line test" duration-ms="79791" started-at="2018-09-29T08:50:56Z" finished-at="2018-09-29T08:52:16Z">
      <class name="test.RegisterTest">
        <test-method status="PASS" signature="callBrowser()[pri:0, instance:test.RegisterTest@77b52d12]" name="callBrowser" is-config="true" duration-ms="59439" started-at="2018-09-29T08:50:56Z" finished-at="2018-09-29T08:51:55Z">
          <reporter-output>
          </reporter-output>
        </test-method> <!-- callBrowser -->
        <test-method status="PASS" signature="navigateToApplication()[pri:0, instance:test.RegisterTest@77b52d12]" name="navigateToApplication" is-config="true" duration-ms="15641" started-at="2018-09-29T08:51:56Z" finished-at="2018-09-29T08:52:12Z">
          <reporter-output>
          </reporter-output>
        </test-method> <!-- navigateToApplication -->
        <test-method status="PASS" signature="callingTestcases()[pri:0, instance:test.RegisterTest@77b52d12]" name="callingTestcases" duration-ms="4049" started-at="2018-09-29T08:52:12Z" finished-at="2018-09-29T08:52:16Z">
          <reporter-output>
          </reporter-output>
        </test-method> <!-- callingTestcases -->
      </class> <!-- test.RegisterTest -->
    </test> <!-- Command line test -->
  </suite> <!-- test.RegisterTest -->
</testng-results>
